Build started 2015/06/24 8:57:08.
     1>Project "Z:\Dropbox\visual_studio\Seminar\Tikhonov_basic1\Tikhonov_nonlin2D\Tikhonov_basic1.vcxproj" on node 2 (Build target(s)).
     1>ClCompile:
         C:\Program Files (x86)\Microsoft Visual Studio 12.0\VC\bin\CL.exe /c /ZI /nologo /W3 /WX- /sdl /Od /Oy- /D _MBCS /Gm /EHsc /RTC1 /MDd /GS /fp:precise /Zc:wchar_t /Zc:forScope /Fo"Debug\\" /Fd"Debug\vc120.pdb" /Gd /TP /analyze- /errorReport:prompt ExpConfig.cpp main.cpp Tikhonov.cpp Tikhonov2D.cpp
         Tikhonov2D.cpp
         Tikhonov.cpp
         main.cpp
         ExpConfig.cpp
         Generating Code...
     1>z:\dropbox\visual_studio\seminar\tikhonov_basic1\tikhonov_nonlin2d\tikhonov2d.cpp(117): error C4716: 'Tikhonov2D::solveF' : must return a value
     1>Done Building Project "Z:\Dropbox\visual_studio\Seminar\Tikhonov_basic1\Tikhonov_nonlin2D\Tikhonov_basic1.vcxproj" (Build target(s)) -- FAILED.

Build FAILED.

Time Elapsed 00:00:08.69
